<?xml version="1.0" encoding="UTF-8"?>
<testsuite xmlns:xsi="http://www.w3.org/2001/XMLSchema-instance" xsi:noNamespaceSchemaLocation="https://maven.apache.org/surefire/maven-surefire-plugin/xsd/surefire-test-report.xsd" version="3.0.2" name="com.openshift.OpenshiftExampleApplicationTests" time="8.502" tests="1" errors="0" skipped="0" failures="0">
  <properties>
[...]
</properties>
  <testcase name="contextLoads" classname="com.openshift.OpenshiftExampleApplicationTests" time="2.427">
    <system-out><![CDATA[21:38:39.856 [main] INFO org.springframework.test.context.support.AnnotationConfigContextLoaderUtils -- Could not detect default configuration classes for test class [com.openshift.OpenshiftExampleApplicationTests]: OpenshiftExampleApplicationTests does not declare any static, non-private, non-final, nested classes annotated with @Configuration.
21:38:40.243 [main] INFO org.springframework.boot.test.context.SpringBootTestContextBootstrapper -- Found @SpringBootConfiguration com.openshift.OpenshiftExampleApplication for test class com.openshift.OpenshiftExampleApplicationTests

  .   ____          _            __ _ _
 /\\ / ___'_ __ _ _(_)_ __  __ _ \ \ \ \
( ( )\___ | '_ | '_| | '_ \/ _` | \ \ \ \
 \\/  ___)| |_)| | | | | || (_| |  ) ) ) )
  '  |____| .__|_| |_|_| |_\__, | / / / /
 =========|_|==============|___/=/_/_/_/

 :: Spring Boot ::                (v3.5.3)

2025-06-28T21:38:41.855+05:30  INFO 20712 --- [openshiftExample] [           main] c.o.OpenshiftExampleApplicationTests     : Starting OpenshiftExampleApplicationTests using Java 17.0.4 with PID 20712 (started by yredd in C:\Users\yredd\Downloads\April24\openshiftExample)
2025-06-28T21:38:41.860+05:30  INFO 20712 --- [openshiftExample] [           main] c.o.OpenshiftExampleApplicationTests     : No active profile set, falling back to 1 default profile: "default"
2025-06-28T21:38:45.408+05:30  INFO 20712 --- [openshiftExample] [           main] c.o.OpenshiftExampleApplicationTests     : Started OpenshiftExampleApplicationTests in 4.646 seconds (process running for 8.798)
]]></system-out>
  </testcase>
</testsuite>